0 info it worked if it ends with ok
1 verbose cli [ 'C:\\Program Files\\nodejs\\node.exe',
1 verbose cli   'C:\\Users\\Flock Of Birds\\node_modules\\npm\\bin\\npm-cli.js',
1 verbose cli   'install',
1 verbose cli   '--save-dev',
1 verbose cli   'jasmine@2.7.0',
1 verbose cli   '--color=always' ]
2 info using npm@2.15.11
3 info using node@v8.2.1
4 verbose stack Error: Cannot find module 'path-is-inside'
4 verbose stack     at Function.Module._resolveFilename (module.js:485:15)
4 verbose stack     at Function.Module._load (module.js:437:25)
4 verbose stack     at Module.require (module.js:513:17)
4 verbose stack     at require (internal/module.js:11:18)
4 verbose stack     at Object.<anonymous> (C:\Users\Flock Of Birds\node_modules\fs-vacuum\vacuum.js:4:16)
4 verbose stack     at Module._compile (module.js:569:30)
4 verbose stack     at Object.Module._extensions..js (module.js:580:10)
4 verbose stack     at Module.load (module.js:503:32)
4 verbose stack     at tryModuleLoad (module.js:466:12)
4 verbose stack     at Function.Module._load (module.js:458:3)
5 verbose cwd C:\Users\Flock Of Birds\Documents\GitHub\Flock of Birds\star-rating
6 error Windows_NT 10.0.15063
7 error argv "C:\\Program Files\\nodejs\\node.exe" "C:\\Users\\Flock Of Birds\\node_modules\\npm\\bin\\npm-cli.js" "install" "--save-dev" "jasmine@2.7.0" "--color=always"
8 error node v8.2.1
9 error npm  v2.15.11
10 error code MODULE_NOT_FOUND
11 error Cannot find module 'path-is-inside'
12 error If you need help, you may report this error at:
12 error     <https://github.com/npm/npm/issues>
13 verbose exit [ 1, true ]
